#
# A fatal error has been detected by the Java Runtime Environment:
#
#  SIGSEGV (0xb) at pc=0x00007f082116eb1f, pid=14024, tid=14029
#
# JRE version: OpenJDK Runtime Environment (11.0.7+10) (build 11.0.7+10-post-Ubuntu-2ubuntu218.04)
# Java VM: OpenJDK 64-Bit Server VM (11.0.7+10-post-Ubuntu-2ubuntu218.04, mixed mode, sharing, tiered, compressed oops, parallel gc, linux-amd64)
# Problematic frame:
# C  [libc.so.6+0x18eb1f]
#
# Core dump will be written. Default location: core.14024 (may not exist)
#
# If you would like to submit a bug report, please visit:
#   https://bugs.launchpad.net/ubuntu/+source/openjdk-lts
#

---------------  S U M M A R Y ------------

Command Line: --add-modules=ALL-SYSTEM --add-opens=java.base/java.util=ALL-UNNAMED --add-opens=java.base/java.lang=ALL-UNNAMED -Declipse.application=org.eclipse.jdt.ls.core.id1 -Dosgi.bundles.defaultStartLevel=4 -Declipse.product=org.eclipse.jdt.ls.core.product -Dfile.encoding=utf8 -XX:+UseParallelGC -XX:GCTimeRatio=4 -XX:AdaptiveSizePolicyWeight=90 -Dsun.zip.disableMemoryMapping=true -Xmx1G -Xms100m -Xverify:none /home/banjo/.vscode-server/extensions/redhat.java-0.81.0/server/plugins/org.eclipse.equinox.launcher_1.6.200.v20210416-2027.jar -configuration /home/banjo/.vscode-server/data/User/globalStorage/redhat.java/0.81.0/config_linux -data /home/banjo/.vscode-server/data/User/workspaceStorage/dcbf16a4ecba7c658673ada78339cb97-1/redhat.java/jdt_ws

Host: Intel(R) Core(TM) i5-6500 CPU @ 3.20GHz, 4 cores, 7G, Ubuntu 18.04.4 LTS
Time: Tue Aug 31 17:06:41 2021 PDT elapsed time: 14 seconds (0d 0h 0m 14s)

---------------  T H R E A D  ---------------

Current thread (0x00007f081802e800):  GCTaskThread "ParGC Thread#0" [stack: 0x00007f081d4c2000,0x00007f081d5c2000] [id=14029]

Stack: [0x00007f081d4c2000,0x00007f081d5c2000],  sp=0x00007f081d5c0b68,  free space=1018k
Native frames: (J=compiled Java code, A=aot compiled Java code, j=interpreted, Vv=VM code, C=native code)
C  [libc.so.6+0x18eb1f]
V  [libjvm.so+0xbf0895]
V  [libjvm.so+0xc5526d]
V  [libjvm.so+0xc1d605]
V  [libjvm.so+0x796b6b]
V  [libjvm.so+0xd85acf]
V  [libjvm.so+0xbd59de]


siginfo: si_signo: 11 (SIGSEGV), si_code: 2 (SEGV_ACCERR), si_addr: 0x00000000c4156000

Register to memory mapping:

RAX=0x00000000c41530c8 points into unknown readable memory: 09 00 00 00 00 00 00 00
RBX=0x00007f081d5c0c30 points into unknown readable memory: 60 db 84 20 08 7f 00 00
RCX=0x0000000000000258 is an unknown value
RDX=0x0000000000003190 is an unknown value
RSP=0x00007f081d5c0b68 points into unknown readable memory: a1 df 1a 20 08 7f 00 00
RBP=0x00007f081d5c0b90 points into unknown readable memory: e0 0b 5c 1d 08 7f 00 00
RSI=0x00000000ef4f21e8 points into unknown readable memory: 00 60 02 aa 00 ff 00 00
RDI=0x00000000c4156000 points into unknown readable memory: 00 00 00 00 00 00 00 00
R8 =0x000000000017a800 is an unknown value
R9 =0x000000000017a77a is an unknown value
R10=0x0000000005e9de56 is an unknown value
R11=0x0000000000000001 is an unknown value
R12=0x0000000000000632 is an unknown value
R13=0x0000000000003190 is an unknown value
R14=0x00007f081d5c0c30 points into unknown readable memory: 60 db 84 20 08 7f 00 00
R15=0x0000000005ea0000 is an unknown value


Registers:
RAX=0x00000000c41530c8, RBX=0x00007f081d5c0c30, RCX=0x0000000000000258, RDX=0x0000000000003190
RSP=0x00007f081d5c0b68, RBP=0x00007f081d5c0b90, RSI=0x00000000ef4f21e8, RDI=0x00000000c4156000
R8 =0x000000000017a800, R9 =0x000000000017a77a, R10=0x0000000005e9de56, R11=0x0000000000000001
R12=0x0000000000000632, R13=0x0000000000003190, R14=0x00007f081d5c0c30, R15=0x0000000005ea0000
RIP=0x00007f082116eb1f, EFLAGS=0x0000000000010287, CSGSFS=0x00000053002b0033, ERR=0x0000000000000000
  TRAPNO=0x0000000000000000

Top of Stack: (sp=0x00007f081d5c0b68)
0x00007f081d5c0b68:   00007f08201adfa1 00007f081802e800
0x00007f081d5c0b78:   0000000005e9e487 0000000005ea0000
0x00007f081d5c0b88:   00007f0820961280 00007f081d5c0be0
0x00007f081d5c0b98:   00007f0820150895 00007f08208feb88 

Instructions: (pc=0x00007f082116eb1f)
0x00007f082116ea1f:   c3 85 c0 75 bc c5 fd 74 e4 c5 fd d7 c4 85 c0 f3
0x00007f082116ea2f:   0f bc c0 48 83 c0 60 48 01 f8 48 29 d0 c5 f8 77
0x00007f082116ea3f:   c3 48 39 d1 0f 82 b7 3f fa ff 0f 1f 80 00 00 00
0x00007f082116ea4f:   00 48 89 f8 48 01 d0 eb 1b 0f 1f 84 00 00 00 00
0x00007f082116ea5f:   00 48 39 d1 0f 82 97 3f fa ff 0f 1f 80 00 00 00
0x00007f082116ea6f:   00 48 89 f8 48 83 fa 20 0f 82 a5 00 00 00 48 83
0x00007f082116ea7f:   fa 40 0f 87 08 01 00 00 c5 fe 6f 06 c5 fe 6f 4c
0x00007f082116ea8f:   16 e0 c5 fe 7f 07 c5 fe 7f 4c 17 e0 c5 f8 77 c3
0x00007f082116ea9f:   90 48 39 d1 0f 82 57 3f fa ff 0f 1f 80 00 00 00
0x00007f082116eaaf:   00 48 89 f8 48 01 d0 eb 1b 0f 1f 84 00 00 00 00
0x00007f082116eabf:   00 48 39 d1 0f 82 37 3f fa ff 0f 1f 80 00 00 00
0x00007f082116eacf:   00 48 89 f8 48 83 fa 20 72 49 48 83 fa 40 0f 87
0x00007f082116eadf:   9f 00 00 00 c5 fe 6f 06 c5 fe 6f 4c 16 e0 c5 fe
0x00007f082116eaef:   7f 07 c5 fe 7f 4c 17 e0 c5 f8 77 c3 48 3b 15 76
0x00007f082116eaff:   1b 26 00 0f 83 25 01 00 00 48 39 f7 72 0f 74 12
0x00007f082116eb0f:   4c 8d 0c 16 4c 39 cf 0f 82 c5 01 00 00 48 89 d1
0x00007f082116eb1f:   f3 a4 c3 80 fa 10 73 17 80 fa 08 73 27 80 fa 04
0x00007f082116eb2f:   73 33 80 fa 01 77 3b 72 05 0f b6 0e 88 0f c3 c5
0x00007f082116eb3f:   fa 6f 06 c5 fa 6f 4c 16 f0 c5 fa 7f 07 c5 fa 7f
0x00007f082116eb4f:   4c 17 f0 c3 48 8b 4c 16 f8 48 8b 36 48 89 4c 17
0x00007f082116eb5f:   f8 48 89 37 c3 8b 4c 16 fc 8b 36 89 4c 17 fc 89
0x00007f082116eb6f:   37 c3 0f b7 4c 16 fe 0f b7 36 66 89 4c 17 fe 66
0x00007f082116eb7f:   89 37 c3 48 81 fa 00 10 00 00 0f 87 6c ff ff ff
0x00007f082116eb8f:   48 81 fa 00 01 00 00 0f 87 91 00 00 00 48 81 fa
0x00007f082116eb9f:   80 00 00 00 72 5a c5 fe 6f 06 c5 fe 6f 4e 20 c5
0x00007f082116ebaf:   fe 6f 56 40 c5 fe 6f 5e 60 c5 fe 6f 64 16 e0 c5
0x00007f082116ebbf:   fe 6f 6c 16 c0 c5 fe 6f 74 16 a0 c5 fe 6f 7c 16
0x00007f082116ebcf:   80 c5 fe 7f 07 c5 fe 7f 4f 20 c5 fe 7f 57 40 c5
0x00007f082116ebdf:   fe 7f 5f 60 c5 fe 7f 64 17 e0 c5 fe 7f 6c 17 c0
0x00007f082116ebef:   c5 fe 7f 74 17 a0 c5 fe 7f 7c 17 80 c5 f8 77 c3
0x00007f082116ebff:   c5 fe 6f 06 c5 fe 6f 4e 20 c5 fe 6f 54 16 e0 c5
0x00007f082116ec0f:   fe 6f 5c 16 c0 c5 fe 7f 07 c5 fe 7f 4f 20 c5 fe 


Stack slot to memory mapping:
stack at sp + 0 slots: 0x00007f08201adfa1: <offset 0x0000000000c4dfa1> in /usr/lib/jvm/java-11-openjdk-amd64/lib/server/libjvm.so at 0x00007f081f560000
stack at sp + 1 slots: 0x00007f081802e800 points into unknown readable memory: 28 e5 8e 20 08 7f 00 00
stack at sp + 2 slots: 0x0000000005e9e487 is an unknown value
stack at sp + 3 slots: 0x0000000005ea0000 is an unknown value
stack at sp + 4 slots: 0x00007f0820961280: <offset 0x0000000001401280> in /usr/lib/jvm/java-11-openjdk-amd64/lib/server/libjvm.so at 0x00007f081f560000
stack at sp + 5 slots: 0x00007f081d5c0be0 points into unknown readable memory: a0 0c 5c 1d 08 7f 00 00
stack at sp + 6 slots: 0x00007f0820150895: <offset 0x0000000000bf0895> in /usr/lib/jvm/java-11-openjdk-amd64/lib/server/libjvm.so at 0x00007f081f560000
stack at sp + 7 slots: 0x00007f08208feb88: <offset 0x000000000139eb88> in /usr/lib/jvm/java-11-openjdk-amd64/lib/server/libjvm.so at 0x00007f081f560000


---------------  P R O C E S S  ---------------

Threads class SMR info:
_java_thread_list=0x00007fffc02561c0, length=26, elements={
0x00007f0818016000, 0x00007f081815d000, 0x00007f081815f000, 0x00007f081816b800,
0x00007f081816e000, 0x00007f0818170000, 0x00007f0818172000, 0x00007f08181a3800,
0x00007f08181e8000, 0x00007f081828f000, 0x00007f08183d8800, 0x00007f0818420000,
0x00007f0818423800, 0x00007f07c002e800, 0x00007f07c01e4000, 0x00007f07c019e000,
0x00007f0798001800, 0x00007f07c040e800, 0x00007f079c001000, 0x00007f07c0739000,
0x00007f081847f000, 0x00007f0818509000, 0x00007f079800a000, 0x00007f079c026000,
0x00007f07dc0f4000, 0x00007f079433f000
}

Java Threads: ( => current thread )
  0x00007f0818016000 
[error occurred during error reporting (printing all threads), id 0xb, SIGSEGV (0xb) at pc=0x00007f081fa93fa0]

VM state:at safepoint (normal execution)

VM Mutex/Monitor currently owned by a thread:  ([mutex/lock_event])
[0x00007f08180121c0] Threads_lock - owner thread: 0x00007f081815a000
[0x00007f08180129a0] Heap_lock - owner thread: 0x00007f07c040e800

Heap address: 0x00000000c0000000, size: 1024 MB, Compressed Oops mode: 32-bit
Narrow klass base: 0x0000000800000000, Narrow klass shift: 3
Compressed class space size: 1073741824 Address: 0x0000000840000000

Heap:
 PSYoungGen      total 49664K, used 10749K [0x00000000eab00000, 0x00000000f1180000, 0x0000000100000000)
  eden space 38912K, 0% used [0x00000000eab00000,0x00000000eab00000,0x00000000ed100000)
  from space 10752K, 99% used [0x00000000eeb80000,0x00000000ef5ff728,0x00000000ef600000)
  to   space 27136K, 0% used [0x00000000ed100000,0x00000000ed100000,0x00000000eeb80000)
 ParOldGen       total 68608K, used 63059K [0x00000000c0000000, 0x00000000c4300000, 0x00000000eab00000)
  object space 68608K, 91% used [0x00000000c0000000,0x00000000c3d94f40,0x00000000c4300000)
 Metaspace       used 41262K, capacity 43816K, committed 43944K, reserved 1087488K
  class space    used 4371K, capacity 5243K, committed 5368K, reserved 1048576K

Card table byte_map: [0x00007f081d730000,0x00007f081d931000] _byte_map_base: 0x00007f081d130000

Marking Bits: (ParMarkBitMap*) 0x00007f0820961280
 Begin Bits: [0x00007f07fa000000, 0x00007f07fb000000)
 End Bits:   [0x00007f07fb000000, 0x00007f07fc000000)

Polling page: 0x00007f0821820000

Metaspace:

Usage:
  Non-class:     37.67 MB capacity,    36.03 MB ( 96%) used,     1.54 MB (  4%) free+waste,    99.88 KB ( <1%) overhead. 
      Class:      5.12 MB capacity,     4.27 MB ( 83%) used,   822.38 KB ( 16%) free+waste,    49.62 KB ( <1%) overhead. 
       Both:     42.79 MB capacity,    40.30 MB ( 94%) used,     2.35 MB (  5%) free+waste,   149.50 KB ( <1%) overhead. 

Virtual space:
  Non-class space:       38.00 MB reserved,      37.67 MB (>99%) committed 
      Class space:        1.00 GB reserved,       5.24 MB ( <1%) committed 
             Both:        1.04 GB reserved,      42.91 MB (  4%) committed 

Chunk freelists:
   Non-Class:  3.00 KB
       Class:  5.00 KB
        Both:  8.00 KB

MaxMetaspaceSize: unlimited
CompressedClassSpaceSize: 1.00 GB

CodeHeap 'non-profiled nmethods': size=120032Kb used=2576Kb max_used=2576Kb free=117455Kb
 bounds [0x00007f08083c8000, 0x00007f0808658000, 0x00007f080f900000]
CodeHeap 'profiled nmethods': size=120032Kb used=7895Kb max_used=7895Kb free=112137Kb
 bounds [0x00007f0800e90000, 0x00007f0801650000, 0x00007f08083c8000]
CodeHeap 'non-nmethods': size=5696Kb used=1236Kb max_used=1269Kb free=4459Kb
 bounds [0x00007f0800900000, 0x00007f0800b70000, 0x00007f0800e90000]
 total_blobs=6174 nmethods=3825 adapters=530
 compilation: enabled
              stopped_count=0, restarted_count=0
 full_count=0

Compilation events (20 events):
Event: 13.943 Thread 0x00007f0818170000 4356       3       org.eclipse.core.internal.filesystem.local.LocalFile::<init> (18 bytes)
Event: 13.943 Thread 0x00007f0818170000 nmethod 4356 0x00007f0801647c90 code [0x00007f0801647e80, 0x00007f0801648208]
Event: 13.943 Thread 0x00007f0818170000 4359   !   3       org.eclipse.core.internal.resources.ProjectPreferences::silentLoad (65 bytes)
Event: 13.943 Thread 0x00007f0818170000 nmethod 4359 0x00007f0801648390 code [0x00007f08016485a0, 0x00007f0801648f38]
Event: 13.951 Thread 0x00007f081816e000 nmethod 4318 0x00007f080864aa90 code [0x00007f080864aca0, 0x00007f080864be00]
Event: 13.951 Thread 0x00007f081816e000 4349       4       org.eclipse.jdt.internal.core.search.indexing.BinaryIndexer::extractReferenceFromConstantPool (341 bytes)
Event: 13.980 Thread 0x00007f0818170000 4364       3       org.eclipse.jdt.internal.core.search.indexing.BinaryIndexer::decodeFieldType (379 bytes)
Event: 13.980 Thread 0x00007f0818170000 nmethod 4364 0x00007f0801649110 code [0x00007f0801649420, 0x00007f080164a278]
Event: 13.981 Thread 0x00007f0818170000 4366       3       org.eclipse.jdt.core.compiler.CharOperation::fragmentEquals (89 bytes)
Event: 13.981 Thread 0x00007f0818170000 nmethod 4366 0x00007f080164a590 code [0x00007f080164a780, 0x00007f080164acb8]
Event: 13.981 Thread 0x00007f0818170000 4362       3       org.eclipse.jdt.internal.core.search.indexing.AbstractIndexer::addInterfaceDeclaration (79 bytes)
Event: 13.982 Thread 0x00007f0818170000 nmethod 4362 0x00007f080164ae90 code [0x00007f080164b160, 0x00007f080164c228]
Event: 13.982 Thread 0x00007f0818170000 4365       3       org.eclipse.jdt.core.Signature::checkName (102 bytes)
Event: 13.982 Thread 0x00007f0818170000 nmethod 4365 0x00007f080164c910 code [0x00007f080164cb20, 0x00007f080164d1e8]
Event: 13.982 Thread 0x00007f0818170000 4368       2       java.lang.invoke.DirectMethodHandle::preparedLambdaForm (248 bytes)
Event: 13.983 Thread 0x00007f0818170000 nmethod 4368 0x00007f080164d410 code [0x00007f080164d660, 0x00007f080164db78]
Event: 14.026 Thread 0x00007f0818170000 4369       3       org.eclipse.jdt.internal.compiler.classfmt.MethodInfo::decodeCodeAttribute (147 bytes)
Event: 14.027 Thread 0x00007f0818170000 nmethod 4369 0x00007f080164df90 code [0x00007f080164e1e0, 0x00007f080164ee88]
Event: 14.027 Thread 0x00007f0818170000 4370       2       java.util.Locale::getUnicodeLocaleType (54 bytes)
Event: 14.027 Thread 0x00007f0818170000 nmethod 4370 0x00007f080164f310 code [0x00007f080164f540, 0x00007f080164fa78]

GC Heap History (20 events):
Event: 8.994 GC heap after
{Heap after GC invocations=9 (full 2):
 PSYoungGen      total 24576K, used 1952K [0x00000000eab00000, 0x00000000ec800000, 0x0000000100000000)
  eden space 22528K, 0% used [0x00000000eab00000,0x00000000eab00000,0x00000000ec100000)
  from space 2048K, 95% used [0x00000000ec180000,0x00000000ec368020,0x00000000ec380000)
  to   space 3584K, 0% used [0x00000000ec480000,0x00000000ec480000,0x00000000ec800000)
 ParOldGen       total 68608K, used 15398K [0x00000000c0000000, 0x00000000c4300000, 0x00000000eab00000)
  object space 68608K, 22% used [0x00000000c0000000,0x00000000c0f09b98,0x00000000c4300000)
 Metaspace       used 33614K, capacity 35949K, committed 36008K, reserved 1081344K
  class space    used 3700K, capacity 4547K, committed 4600K, reserved 1048576K
}
Event: 9.082 GC heap before
{Heap before GC invocations=10 (full 2):
 PSYoungGen      total 24576K, used 24480K [0x00000000eab00000, 0x00000000ec800000, 0x0000000100000000)
  eden space 22528K, 100% used [0x00000000eab00000,0x00000000ec100000,0x00000000ec100000)
  from space 2048K, 95% used [0x00000000ec180000,0x00000000ec368020,0x00000000ec380000)
  to   space 3584K, 0% used [0x00000000ec480000,0x00000000ec480000,0x00000000ec800000)
 ParOldGen       total 68608K, used 15398K [0x00000000c0000000, 0x00000000c4300000, 0x00000000eab00000)
  object space 68608K, 22% used [0x00000000c0000000,0x00000000c0f09b98,0x00000000c4300000)
 Metaspace       used 33644K, capacity 36014K, committed 36264K, reserved 1081344K
  class space    used 3702K, capacity 4547K, committed 4600K, reserved 1048576K
}
Event: 9.147 GC heap after
{Heap after GC invocations=10 (full 2):
 PSYoungGen      total 25600K, used 3552K [0x00000000eab00000, 0x00000000ec880000, 0x0000000100000000)
  eden space 22016K, 0% used [0x00000000eab00000,0x00000000eab00000,0x00000000ec080000)
  from space 3584K, 99% used [0x00000000ec480000,0x00000000ec7f8020,0x00000000ec800000)
  to   space 4096K, 0% used [0x00000000ec080000,0x00000000ec080000,0x00000000ec480000)
 ParOldGen       total 68608K, used 15486K [0x00000000c0000000, 0x00000000c4300000, 0x00000000eab00000)
  object space 68608K, 22% used [0x00000000c0000000,0x00000000c0f1fb98,0x00000000c4300000)
 Metaspace       used 33644K, capacity 36014K, committed 36264K, reserved 1081344K
  class space    used 3702K, capacity 4547K, committed 4600K, reserved 1048576K
}
Event: 9.247 GC heap before
{Heap before GC invocations=11 (full 2):
 PSYoungGen      total 25600K, used 25568K [0x00000000eab00000, 0x00000000ec880000, 0x0000000100000000)
  eden space 22016K, 100% used [0x00000000eab00000,0x00000000ec080000,0x00000000ec080000)
  from space 3584K, 99% used [0x00000000ec480000,0x00000000ec7f8020,0x00000000ec800000)
  to   space 4096K, 0% used [0x00000000ec080000,0x00000000ec080000,0x00000000ec480000)
 ParOldGen       total 68608K, used 15486K [0x00000000c0000000, 0x00000000c4300000, 0x00000000eab00000)
  object space 68608K, 22% used [0x00000000c0000000,0x00000000c0f1fb98,0x00000000c4300000)
 Metaspace       used 33757K, capacity 36078K, committed 36264K, reserved 1081344K
  class space    used 3706K, capacity 4547K, committed 4600K, reserved 1048576K
}
Event: 9.316 GC heap after
{Heap after GC invocations=11 (full 2):
 PSYoungGen      total 26112K, used 4082K [0x00000000eab00000, 0x00000000ed980000, 0x0000000100000000)
  eden space 22016K, 0% used [0x00000000eab00000,0x00000000eab00000,0x00000000ec080000)
  from space 4096K, 99% used [0x00000000ec080000,0x00000000ec47cb38,0x00000000ec480000)
  to   space 6144K, 0% used [0x00000000ed380000,0x00000000ed380000,0x00000000ed980000)
 ParOldGen       total 68608K, used 16766K [0x00000000c0000000, 0x00000000c4300000, 0x00000000eab00000)
  object space 68608K, 24% used [0x00000000c0000000,0x00000000c105fb98,0x00000000c4300000)
 Metaspace       used 33757K, capacity 36078K, committed 36264K, reserved 1081344K
  class space    used 3706K, capacity 4547K, committed 4600K, reserved 1048576K
}
Event: 9.397 GC heap before
{Heap before GC invocations=12 (full 2):
 PSYoungGen      total 26112K, used 26098K [0x00000000eab00000, 0x00000000ed980000, 0x0000000100000000)
  eden space 22016K, 100% used [0x00000000eab00000,0x00000000ec080000,0x00000000ec080000)
  from space 4096K, 99% used [0x00000000ec080000,0x00000000ec47cb38,0x00000000ec480000)
  to   space 6144K, 0% used [0x00000000ed380000,0x00000000ed380000,0x00000000ed980000)
 ParOldGen       total 68608K, used 16766K [0x00000000c0000000, 0x00000000c4300000, 0x00000000eab00000)
  object space 68608K, 24% used [0x00000000c0000000,0x00000000c105fb98,0x00000000c4300000)
 Metaspace       used 33841K, capacity 36206K, committed 36264K, reserved 1081344K
  class space    used 3713K, capacity 4547K, committed 4600K, reserved 1048576K
}
Event: 9.468 GC heap after
{Heap after GC invocations=12 (full 2):
 PSYoungGen      total 39424K, used 3698K [0x00000000eab00000, 0x00000000ed780000, 0x0000000100000000)
  eden space 35328K, 0% used [0x00000000eab00000,0x00000000eab00000,0x00000000ecd80000)
  from space 4096K, 90% used [0x00000000ed380000,0x00000000ed71cb38,0x00000000ed780000)
  to   space 4608K, 0% used [0x00000000ece80000,0x00000000ece80000,0x00000000ed300000)
 ParOldGen       total 68608K, used 19438K [0x00000000c0000000, 0x00000000c4300000, 0x00000000eab00000)
  object space 68608K, 28% used [0x00000000c0000000,0x00000000c12fbba8,0x00000000c4300000)
 Metaspace       used 33841K, capacity 36206K, committed 36264K, reserved 1081344K
  class space    used 3713K, capacity 4547K, committed 4600K, reserved 1048576K
}
Event: 9.592 GC heap before
{Heap before GC invocations=13 (full 2):
 PSYoungGen      total 39424K, used 39026K [0x00000000eab00000, 0x00000000ed780000, 0x0000000100000000)
  eden space 35328K, 100% used [0x00000000eab00000,0x00000000ecd80000,0x00000000ecd80000)
  from space 4096K, 90% used [0x00000000ed380000,0x00000000ed71cb38,0x00000000ed780000)
  to   space 4608K, 0% used [0x00000000ece80000,0x00000000ece80000,0x00000000ed300000)
 ParOldGen       total 68608K, used 19438K [0x00000000c0000000, 0x00000000c4300000, 0x00000000eab00000)
  object space 68608K, 28% used [0x00000000c0000000,0x00000000c12fbba8,0x00000000c4300000)
 Metaspace       used 33841K, capacity 36206K, committed 36264K, reserved 1081344K
  class space    used 3713K, capacity 4547K, committed 4600K, reserved 1048576K
}
Event: 9.638 GC heap after
{Heap after GC invocations=13 (full 2):
 PSYoungGen      total 40960K, used 3360K [0x00000000eab00000, 0x00000000eea80000, 0x0000000100000000)
  eden space 36352K, 0% used [0x00000000eab00000,0x00000000eab00000,0x00000000ece80000)
  from space 4608K, 72% used [0x00000000ece80000,0x00000000ed1c8010,0x00000000ed300000)
  to   space 4096K, 0% used [0x00000000ee680000,0x00000000ee680000,0x00000000eea80000)
 ParOldGen       total 68608K, used 22995K [0x00000000c0000000, 0x00000000c4300000, 0x00000000eab00000)
  object space 68608K, 33% used [0x00000000c0000000,0x00000000c1674da0,0x00000000c4300000)
 Metaspace       used 33841K, capacity 36206K, committed 36264K, reserved 1081344K
  class space    used 3713K, capacity 4547K, committed 4600K, reserved 1048576K
}
Event: 10.615 GC heap before
{Heap before GC invocations=14 (full 2):
 PSYoungGen      total 40960K, used 39712K [0x00000000eab00000, 0x00000000eea80000, 0x0000000100000000)
  eden space 36352K, 100% used [0x00000000eab00000,0x00000000ece80000,0x00000000ece80000)
  from space 4608K, 72% used [0x00000000ece80000,0x00000000ed1c8010,0x00000000ed300000)
  to   space 4096K, 0% used [0x00000000ee680000,0x00000000ee680000,0x00000000eea80000)
 ParOldGen       total 68608K, used 22995K [0x00000000c0000000, 0x00000000c4300000, 0x00000000eab00000)
  object space 68608K, 33% used [0x00000000c0000000,0x00000000c1674da0,0x00000000c4300000)
 Metaspace       used 37313K, capacity 39796K, committed 39848K, reserved 1085440K
  class space    used 3996K, capacity 4840K, committed 4856K, reserved 1048576K
}
Event: 10.674 GC heap after
{Heap after GC invocations=14 (full 2):
 PSYoungGen      total 60928K, used 3758K [0x00000000eab00000, 0x00000000eec00000, 0x0000000100000000)
  eden space 56832K, 0% used [0x00000000eab00000,0x00000000eab00000,0x00000000ee280000)
  from space 4096K, 91% used [0x00000000ee680000,0x00000000eea2b8d0,0x00000000eea80000)
  to   space 4096K, 0% used [0x00000000ee280000,0x00000000ee280000,0x00000000ee680000)
 ParOldGen       total 68608K, used 26289K [0x00000000c0000000, 0x00000000c4300000, 0x00000000eab00000)
  object space 68608K, 38% used [0x00000000c0000000,0x00000000c19ac630,0x00000000c4300000)
 Metaspace       used 37313K, capacity 39796K, committed 39848K, reserved 1085440K
  class space    used 3996K, capacity 4840K, committed 4856K, reserved 1048576K
}
Event: 11.856 GC heap before
{Heap before GC invocations=15 (full 2):
 PSYoungGen      total 60928K, used 60590K [0x00000000eab00000, 0x00000000eec00000, 0x0000000100000000)
  eden space 56832K, 100% used [0x00000000eab00000,0x00000000ee280000,0x00000000ee280000)
  from space 4096K, 91% used [0x00000000ee680000,0x00000000eea2b8d0,0x00000000eea80000)
  to   space 4096K, 0% used [0x00000000ee280000,0x00000000ee280000,0x00000000ee680000)
 ParOldGen       total 68608K, used 26289K [0x00000000c0000000, 0x00000000c4300000, 0x00000000eab00000)
  object space 68608K, 38% used [0x00000000c0000000,0x00000000c19ac630,0x00000000c4300000)
 Metaspace       used 39325K, capacity 41886K, committed 42152K, reserved 1087488K
  class space    used 4161K, capacity 5006K, committed 5112K, reserved 1048576K
}
Event: 12.000 GC heap after
{Heap after GC invocations=15 (full 2):
 PSYoungGen      total 59392K, used 4083K [0x00000000eab00000, 0x00000000ef900000, 0x0000000100000000)
  eden space 55296K, 0% used [0x00000000eab00000,0x00000000eab00000,0x00000000ee100000)
  from space 4096K, 99% used [0x00000000ee280000,0x00000000ee67cdc8,0x00000000ee680000)
  to   space 12288K, 0% used [0x00000000eed00000,0x00000000eed00000,0x00000000ef900000)
 ParOldGen       total 68608K, used 33166K [0x00000000c0000000, 0x00000000c4300000, 0x00000000eab00000)
  object space 68608K, 48% used [0x00000000c0000000,0x00000000c2063b98,0x00000000c4300000)
 Metaspace       used 39325K, capacity 41886K, committed 42152K, reserved 1087488K
  class space    used 4161K, capacity 5006K, committed 5112K, reserved 1048576K
}
Event: 13.008 GC heap before
{Heap before GC invocations=16 (full 2):
 PSYoungGen      total 59392K, used 59374K [0x00000000eab00000, 0x00000000ef900000, 0x0000000100000000)
  eden space 55296K, 99% used [0x00000000eab00000,0x00000000ee0fea68,0x00000000ee100000)
  from space 4096K, 99% used [0x00000000ee280000,0x00000000ee67cdc8,0x00000000ee680000)
  to   space 12288K, 0% used [0x00000000eed00000,0x00000000eed00000,0x00000000ef900000)
 ParOldGen       total 68608K, used 33166K [0x00000000c0000000, 0x00000000c4300000, 0x00000000eab00000)
  object space 68608K, 48% used [0x00000000c0000000,0x00000000c2063b98,0x00000000c4300000)
 Metaspace       used 40469K, capacity 43108K, committed 43304K, reserved 1087488K
  class space    used 4253K, capacity 5136K, committed 5240K, reserved 1048576K
}
Event: 13.081 GC heap after
{Heap after GC invocations=16 (full 2):
 PSYoungGen      total 66048K, used 12173K [0x00000000eab00000, 0x00000000ef900000, 0x0000000100000000)
  eden space 53760K, 0% used [0x00000000eab00000,0x00000000eab00000,0x00000000edf80000)
  from space 12288K, 99% used [0x00000000eed00000,0x00000000ef8e35d0,0x00000000ef900000)
  to   space 12800K, 0% used [0x00000000ee000000,0x00000000ee000000,0x00000000eec80000)
 ParOldGen       total 68608K, used 37141K [0x00000000c0000000, 0x00000000c4300000, 0x00000000eab00000)
  object space 68608K, 54% used [0x00000000c0000000,0x00000000c24457e0,0x00000000c4300000)
 Metaspace       used 40469K, capacity 43108K, committed 43304K, reserved 1087488K
  class space    used 4253K, capacity 5136K, committed 5240K, reserved 1048576K
}
Event: 13.566 GC heap before
{Heap before GC invocations=17 (full 2):
 PSYoungGen      total 66048K, used 65920K [0x00000000eab00000, 0x00000000ef900000, 0x0000000100000000)
  eden space 53760K, 99% used [0x00000000eab00000,0x00000000edf7cdb8,0x00000000edf80000)
  from space 12288K, 99% used [0x00000000eed00000,0x00000000ef8e35d0,0x00000000ef900000)
  to   space 12800K, 0% used [0x00000000ee000000,0x00000000ee000000,0x00000000eec80000)
 ParOldGen       total 68608K, used 37141K [0x00000000c0000000, 0x00000000c4300000, 0x00000000eab00000)
  object space 68608K, 54% used [0x00000000c0000000,0x00000000c24457e0,0x00000000c4300000)
 Metaspace       used 40928K, capacity 43580K, committed 43816K, reserved 1087488K
  class space    used 4315K, capacity 5208K, committed 5240K, reserved 1048576K
}
Event: 13.648 GC heap after
{Heap after GC invocations=17 (full 2):
 PSYoungGen      total 64000K, used 11730K [0x00000000eab00000, 0x00000000ef600000, 0x0000000100000000)
  eden space 52224K, 0% used [0x00000000eab00000,0x00000000eab00000,0x00000000ede00000)
  from space 11776K, 99% used [0x00000000ee000000,0x00000000eeb74840,0x00000000eeb80000)
  to   space 10752K, 0% used [0x00000000eeb80000,0x00000000eeb80000,0x00000000ef600000)
 ParOldGen       total 68608K, used 49108K [0x00000000c0000000, 0x00000000c4300000, 0x00000000eab00000)
  object space 68608K, 71% used [0x00000000c0000000,0x00000000c2ff5058,0x00000000c4300000)
 Metaspace       used 40928K, capacity 43580K, committed 43816K, reserved 1087488K
  class space    used 4315K, capacity 5208K, committed 5240K, reserved 1048576K
}
Event: 14.030 GC heap before
{Heap before GC invocations=18 (full 2):
 PSYoungGen      total 64000K, used 63954K [0x00000000eab00000, 0x00000000ef600000, 0x0000000100000000)
  eden space 52224K, 100% used [0x00000000eab00000,0x00000000ede00000,0x00000000ede00000)
  from space 11776K, 99% used [0x00000000ee000000,0x00000000eeb74840,0x00000000eeb80000)
  to   space 10752K, 0% used [0x00000000eeb80000,0x00000000eeb80000,0x00000000ef600000)
 ParOldGen       total 68608K, used 49108K [0x00000000c0000000, 0x00000000c4300000, 0x00000000eab00000)
  object space 68608K, 71% used [0x00000000c0000000,0x00000000c2ff5058,0x00000000c4300000)
 Metaspace       used 41262K, capacity 43816K, committed 43944K, reserved 1087488K
  class space    used 4371K, capacity 5243K, committed 5368K, reserved 1048576K
}
Event: 14.153 GC heap after
{Heap after GC invocations=18 (full 2):
 PSYoungGen      total 49664K, used 10749K [0x00000000eab00000, 0x00000000f1180000, 0x0000000100000000)
  eden space 38912K, 0% used [0x00000000eab00000,0x00000000eab00000,0x00000000ed100000)
  from space 10752K, 99% used [0x00000000eeb80000,0x00000000ef5ff728,0x00000000ef600000)
  to   space 27136K, 0% used [0x00000000ed100000,0x00000000ed100000,0x00000000eeb80000)
 ParOldGen       total 68608K, used 63059K [0x00000000c0000000, 0x00000000c4300000, 0x00000000eab00000)
  object space 68608K, 91% used [0x00000000c0000000,0x00000000c3d94f40,0x00000000c4300000)
 Metaspace       used 41262K, capacity 43816K, committed 43944K, reserved 1087488K
  class space    used 4371K, capacity 5243K, committed 5368K, reserved 1048576K
}
Event: 14.153 GC heap before
{Heap before GC invocations=19 (full 3):
 PSYoungGen      total 49664K, used 10749K [0x00000000eab00000, 0x00000000f1180000, 0x0000000100000000)
  eden space 38912K, 0% used [0x00000000eab00000,0x00000000eab00000,0x00000000ed100000)
  from space 10752K, 99% used [0x00000000eeb80000,0x00000000ef5ff728,0x00000000ef600000)
  to   space 27136K, 0% used [0x00000000ed100000,0x00000000ed100000,0x00000000eeb80000)
 ParOldGen       total 68608K, used 63059K [0x00000000c0000000, 0x00000000c4300000, 0x00000000eab00000)
  object space 68608K, 91% used [0x00000000c0000000,0x00000000c3d94f40,0x00000000c4300000)
 Metaspace       used 41262K, capacity 43816K, committed 43944K, reserved 1087488K
  class space    used 4371K, capacity 5243K, committed 5368K, reserved 1048576K
}

Deoptimization events (20 events):
Event: 13.962 Thread 0x00007f07c040e800 DEOPT PACKING pc=0x00007f080162c945 sp=0x00007f07ababef20
Event: 13.962 Thread 0x00007f07c040e800 DEOPT UNPACKING pc=0x00007f08009281ba sp=0x00007f07ababe4e8 mode 0
Event: 13.966 Thread 0x00007f07c040e800 DEOPT PACKING pc=0x00007f080162c945 sp=0x00007f07ababef20
Event: 13.966 Thread 0x00007f07c040e800 DEOPT UNPACKING pc=0x00007f08009281ba sp=0x00007f07ababe4e8 mode 0
Event: 13.972 Thread 0x00007f07c040e800 DEOPT PACKING pc=0x00007f080162c945 sp=0x00007f07ababef20
Event: 13.972 Thread 0x00007f07c040e800 DEOPT UNPACKING pc=0x00007f08009281ba sp=0x00007f07ababe4e8 mode 0
Event: 13.976 Thread 0x00007f07c040e800 DEOPT PACKING pc=0x00007f080162c945 sp=0x00007f07ababef20
Event: 13.976 Thread 0x00007f07c040e800 DEOPT UNPACKING pc=0x00007f08009281ba sp=0x00007f07ababe4e8 mode 0
Event: 13.977 Thread 0x00007f07c040e800 DEOPT PACKING pc=0x00007f08015cfa80 sp=0x00007f07ababef60
Event: 13.977 Thread 0x00007f07c040e800 DEOPT UNPACKING pc=0x00007f08009281ba sp=0x00007f07ababe4f0 mode 0
Event: 13.993 Thread 0x00007f07c040e800 DEOPT PACKING pc=0x00007f08015cfa80 sp=0x00007f07ababef60
Event: 13.993 Thread 0x00007f07c040e800 DEOPT UNPACKING pc=0x00007f08009281ba sp=0x00007f07ababe4f0 mode 0
Event: 13.995 Thread 0x00007f07c040e800 DEOPT PACKING pc=0x00007f080162cf45 sp=0x00007f07ababef20
Event: 13.995 Thread 0x00007f07c040e800 DEOPT UNPACKING pc=0x00007f08009281ba sp=0x00007f07ababe4e8 mode 0
Event: 14.001 Thread 0x00007f07c040e800 DEOPT PACKING pc=0x00007f08015cfc33 sp=0x00007f07ababef60
Event: 14.001 Thread 0x00007f07c040e800 DEOPT UNPACKING pc=0x00007f08009281ba sp=0x00007f07ababe4f0 mode 0
Event: 14.002 Thread 0x00007f07c040e800 Uncommon trap: trap_request=0xffffff4d fr.pc=0x00007f080862aea4 relative=0x0000000000001684
Event: 14.002 Thread 0x00007f07c040e800 Uncommon trap: reason=unstable_if action=reinterpret pc=0x00007f080862aea4 method=org.eclipse.jdt.internal.compiler.classfmt.MethodInfo.decodeLocalVariableAttribute(II)V @ 14 c2
Event: 14.002 Thread 0x00007f07c040e800 DEOPT PACKING pc=0x00007f080862aea4 sp=0x00007f07ababefe0
Event: 14.002 Thread 0x00007f07c040e800 DEOPT UNPACKING pc=0x00007f08009283a5 sp=0x00007f07ababeef0 mode 2

Classes redefined (0 events):
No events

Internal exceptions (20 events):
Event: 10.425 Thread 0x00007f079800a000 Exception <a 'sun/nio/fs/UnixException'{0x00000000ecb0cbe8}> (0x00000000ecb0cbe8) thrown at [./src/hotspot/share/prims/jni.cpp, line 615]
Event: 10.437 Thread 0x00007f079800a000 Exception <a 'sun/nio/fs/UnixException'{0x00000000ecc34458}> (0x00000000ecc34458) thrown at [./src/hotspot/share/prims/jni.cpp, line 615]
Event: 10.440 Thread 0x00007f079800a000 Exception <a 'sun/nio/fs/UnixException'{0x00000000ecc41c38}> (0x00000000ecc41c38) thrown at [./src/hotspot/share/prims/jni.cpp, line 615]
Event: 10.444 Thread 0x00007f079800a000 Exception <a 'sun/nio/fs/UnixException'{0x00000000ecc51518}> (0x00000000ecc51518) thrown at [./src/hotspot/share/prims/jni.cpp, line 615]
Event: 10.521 Thread 0x00007f079800a000 Exception <a 'java/lang/NoSuchMethodError'{0x00000000ecd16d80}: 'java.lang.Object java.lang.invoke.DirectMethodHandle$Holder.invokeSpecial(java.lang.Object, java.lang.Object, java.lang.Object, java.lang.Object, java.lang.Object, java.lang.Object, java.lang.Object, java.lang.Object, java.lang.Object)'> (0x00000000ecd16d80) thrown at [./src/hotspot/share/interpreter/linkResolver.cpp, line 773]
Event: 10.521 Thread 0x00007f079800a000 Exception <a 'java/lang/NoSuchMethodError'{0x00000000ecd1aa28}: 'java.lang.Object java.lang.invoke.Invokers$Holder.linkToTargetMethod(java.lang.Object, java.lang.Object, java.lang.Object, java.lang.Object, java.lang.Object, java.lang.Object, java.lang.Object, java.lang.Object)'> (0x00000000ecd1aa28) thrown at [./src/hotspot/share/interpreter/linkResolver.cpp, line 773]
Event: 10.594 Thread 0x00007f0818509000 Exception <a 'java/lang/NoSuchMethodError'{0x00000000ece45508}: 'java.lang.Object java.lang.invoke.DirectMethodHandle$Holder.invokeInterface(java.lang.Object, java.lang.Object, java.lang.Object)'> (0x00000000ece45508) thrown at [./src/hotspot/share/interpreter/linkResolver.cpp, line 773]
Event: 10.606 Thread 0x00007f079800a000 Exception <a 'java/io/FileNotFoundException'{0x00000000ece0b7d0}> (0x00000000ece0b7d0) thrown at [./src/hotspot/share/prims/jni.cpp, line 615]
Event: 10.607 Thread 0x00007f079800a000 Exception <a 'java/io/FileNotFoundException'{0x00000000ece0d840}> (0x00000000ece0d840) thrown at [./src/hotspot/share/prims/jni.cpp, line 615]
Event: 10.607 Thread 0x00007f079800a000 Exception <a 'java/io/FileNotFoundException'{0x00000000ece0ec58}> (0x00000000ece0ec58) thrown at [./src/hotspot/share/prims/jni.cpp, line 615]
Event: 10.828 Thread 0x00007f079800a000 Implicit null exception at 0x00007f080859ec1f to 0x00007f08085a154e
Event: 11.139 Thread 0x00007f079800a000 Exception <a 'java/lang/ArrayIndexOutOfBoundsException'{0x00000000ecb2e748}: Index 106 out of bounds for length 106> (0x00000000ecb2e748) thrown at [./src/hotspot/share/interpreter/interpreterRuntime.cpp, line 459]
Event: 11.151 Thread 0x00007f079800a000 Exception <a 'java/lang/ArrayIndexOutOfBoundsException'{0x00000000ecd323d0}: Index 187 out of bounds for length 187> (0x00000000ecd323d0) thrown at [./src/hotspot/share/interpreter/interpreterRuntime.cpp, line 459]
Event: 11.152 Thread 0x00007f079800a000 Exception <a 'java/lang/NoSuchMethodError'{0x00000000ecd3c448}: 'int java.lang.invoke.DirectMethodHandle$Holder.invokeVirtual(java.lang.Object, java.lang.Object)'> (0x00000000ecd3c448) thrown at [./src/hotspot/share/interpreter/linkResolver.cpp, line 773]
Event: 11.202 Thread 0x00007f079800a000 Exception <a 'java/lang/NoSuchMethodError'{0x00000000ecda0828}: 'int java.lang.invoke.DirectMethodHandle$Holder.invokeVirtual(java.lang.Object, java.lang.Object, java.lang.Object)'> (0x00000000ecda0828) thrown at [./src/hotspot/share/interpreter/linkResolver.cpp, line 773]
Event: 11.506 Thread 0x00007f07c040e800 Implicit null exception at 0x00007f08085dd75f to 0x00007f08085dd856
Event: 12.287 Thread 0x00007f079800a000 Exception <a 'sun/nio/fs/UnixException'{0x00000000eb490f78}> (0x00000000eb490f78) thrown at [./src/hotspot/share/prims/jni.cpp, line 615]
Event: 12.532 Thread 0x00007f079800a000 Exception <a 'sun/nio/fs/UnixException'{0x00000000eb4b8c18}> (0x00000000eb4b8c18) thrown at [./src/hotspot/share/prims/jni.cpp, line 615]
Event: 13.690 Thread 0x00007f0818509000 Exception <a 'java/lang/ArrayIndexOutOfBoundsException'{0x00000000eb5db2d0}: Index 106 out of bounds for length 106> (0x00000000eb5db2d0) thrown at [./src/hotspot/share/interpreter/interpreterRuntime.cpp, line 459]
Event: 13.937 Thread 0x00007f0818509000 Exception <a 'java/lang/ArrayIndexOutOfBoundsException'{0x00000000ecd76de0}: Index 187 out of bounds for length 187> (0x00000000ecd76de0) thrown at [./src/hotspot/share/interpreter/interpreterRuntime.cpp, line 459]

Events (20 events):
Event: 13.804 Executing VM operation: RevokeBias done
Event: 13.818 Executing VM operation: RevokeBias
Event: 13.818 Executing coalesced safepoint VM operation: RevokeBias
Event: 13.818 Executing coalesced safepoint VM operation: RevokeBias done
Event: 13.818 Executing VM operation: RevokeBias done
Event: 13.901 Executing VM operation: RevokeBias
Event: 13.901 Executing VM operation: RevokeBias done
Event: 13.978 loading class org/eclipse/lsp4j/ExecuteCommandParams
Event: 13.978 loading class org/eclipse/lsp4j/ExecuteCommandParams done
Event: 13.978 loading class org/eclipse/core/runtime/IProgressMonitor
Event: 13.978 loading class org/eclipse/core/runtime/IProgressMonitor done
Event: 13.978 loading class org/eclipse/jdt/ls/core/internal/handlers/JDTLanguageServer
Event: 13.978 loading class org/eclipse/jdt/ls/core/internal/handlers/JDTLanguageServer done
Event: 13.978 loading class org/eclipse/lsp4j/jsonrpc/CancelChecker
Event: 13.978 loading class org/eclipse/lsp4j/jsonrpc/CancelChecker done
Event: 13.979 loading class org/eclipse/jdt/ls/core/internal/BaseJDTLanguageServer
Event: 13.979 loading class org/eclipse/jdt/ls/core/internal/BaseJDTLanguageServer done
Event: 13.980 loading class java/util/concurrent/CompletableFuture$UniApply
Event: 13.980 loading class java/util/concurrent/CompletableFuture$UniApply done
Event: 14.028 Executing VM operation: ParallelGCFailedAllocation


Dynamic libraries:
c0000000-c4300000 rw-p 00000000 00:00 0
c4300000-eab00000 ---p 00000000 00:00 0
eab00000-f1180000 rw-p 00000000 00:00 0
f1180000-100000000 ---p 00000000 00:00 0
800000000-800002000 rwxp 00001000 00:00 1681123                  /usr/lib/jvm/java-11-openjdk-amd64/lib/server/classes.jsa
800002000-8003b8000 rw-p 00003000 00:00 1681123                  /usr/lib/jvm/java-11-openjdk-amd64/lib/server/classes.jsa
8003b8000-800a93000 r--p 003b9000 00:00 1681123                  /usr/lib/jvm/java-11-openjdk-amd64/lib/server/classes.jsa
800a93000-800a94000 rw-p 00a94000 00:00 1681123                  /usr/lib/jvm/java-11-openjdk-amd64/lib/server/classes.jsa
800a94000-8010a0000 r--p 00a95000 00:00 1681123                  /usr/lib/jvm/java-11-openjdk-amd64/lib/server/classes.jsa
840000000-84053e000 rw-p 00000000 00:00 0
84053e000-880000000 ---p 00000000 00:00 0
7f077790d000-7f0780000000 r--s 00000000 00:00 1678873            /usr/lib/jvm/java-11-openjdk-amd64/lib/modules
7f0780000000-7f07800bb000 rw-p 00000000 00:00 0
7f07800bb000-7f0784000000 ---p 00000000 00:00 0
7f0784000000-7f0784276000 rw-p 00000000 00:00 0
7f0784276000-7f0788000000 ---p 00000000 00:00 0
7f0788000000-7f0788021000 rw-p 00000000 00:00 0
7f0788021000-7f078c000000 ---p 00000000 00:00 0
7f078c000000-7f078c021000 rw-p 00000000 00:00 0
7f078c021000-7f0790000000 ---p 00000000 00:00 0
7f0790000000-7f079006b000 rw-p 00000000 00:00 0
7f079006b000-7f0794000000 ---p 00000000 00:00 0
7f0794000000-7f0794352000 rw-p 00000000 00:00 0
7f0794352000-7f0798000000 ---p 00000000 00:00 0
7f0798000000-7f079802f000 rw-p 00000000 00:00 0
7f079802f000-7f079c000000 ---p 00000000 00:00 0
7f079c000000-7f079c02d000 rw-p 00000000 00:00 0
7f079c02d000-7f07a0000000 ---p 00000000 00:00 0
7f07a0000000-7f07a0021000 rw-p 00000000 00:00 0
7f07a0021000-7f07a4000000 ---p 00000000 00:00 0
7f07a4000000-7f07a4484000 rw-p 00000000 00:00 0
7f07a4484000-7f07a8000000 ---p 00000000 00:00 0
7f07a9a50000-7f07a9a54000 ---p 00000000 00:00 0
7f07a9a54000-7f07a9b51000 rw-p 00000000 00:00 0
7f07a9b60000-7f07a9d20000 rw-p 00000000 00:00 0
7f07a9d20000-7f07a9d64000 ---p 00000000 00:00 0
7f07a9d64000-7f07a9e61000 rw-p 00000000 00:00 0
7f07a9e70000-7f07aaa70000 rw-p 00000000 00:00 0
7f07aaa70000-7f07aaa74000 ---p 00000000 00:00 0
7f07aaa74000-7f07aab71000 rw-p 00000000 00:00 0
7f07aab80000-7f07aad80000 rw-p 00000000 00:00 0
7f07aad80000-7f07aad84000 ---p 00000000 00:00 0
7f07aad84000-7f07aae81000 rw-p 00000000 00:00 0
7f07aae90000-7f07ab090000 rw-p 00000000 00:00 0
7f07ab090000-7f07ab094000 ---p 00000000 00:00 0
7f07ab094000-7f07ab191000 rw-p 00000000 00:00 0
7f07ab1a0000-7f07ab38c000 rw-p 00000000 00:00 0
7f07ab38c000-7f07ab3a4000 ---p 00000000 00:00 0
7f07ab3a4000-7f07ab4a1000 rw-p 00000000 00:00 0
7f07ab4b0000-7f07ab6b0000 rw-p 00000000 00:00 0
7f07ab6b0000-7f07ab6b4000 ---p 00000000 00:00 0
7f07ab6b4000-7f07ab7b1000 rw-p 00000000 00:00 0
7f07ab7c0000-7f07ab9c0000 rw-p 00000000 00:00 0
7f07ab9c0000-7f07ab9c4000 ---p 00000000 00:00 0
7f07ab9c4000-7f07abac1000 rw-p 00000000 00:00 0
7f07abad0000-7f07abad4000 ---p 00000000 00:00 0
7f07abad4000-7f07abbd1000 rw-p 00000000 00:00 0
7f07abbe0000-7f07abde0000 rw-p 00000000 00:00 0
7f07abde0000-7f07abde4000 ---p 00000000 00:00 0
7f07abde4000-7f07abee1000 rw-p 00000000 00:00 0
7f07abef0000-7f07abef4000 ---p 00000000 00:00 0
7f07abef4000-7f07abff1000 rw-p 00000000 00:00 0
7f07ac000000-7f07ac021000 rw-p 00000000 00:00 0
7f07ac021000-7f07b0000000 ---p 00000000 00:00 0
7f07b0000000-7f07b1a1e000 rw-p 00000000 00:00 0
7f07b1a1e000-7f07b4000000 ---p 00000000 00:00 0
7f07b4000000-7f07b4021000 rw-p 00000000 00:00 0
7f07b4021000-7f07b8000000 ---p 00000000 00:00 0
7f07b8000000-7f07b8021000 rw-p 00000000 00:00 0
7f07b8021000-7f07bc000000 ---p 00000000 00:00 0
7f07bc000000-7f07bc021000 rw-p 00000000 00:00 0
7f07bc021000-7f07c0000000 ---p 00000000 00:00 0
7f07c0000000-7f07c078d000 rw-p 00000000 00:00 0
7f07c078d000-7f07c4000000 ---p 00000000 00:00 0
7f07c4000000-7f07c4021000 rw-p 00000000 00:00 0
7f07c4021000-7f07c8000000 ---p 00000000 00:00 0
7f07c8000000-7f07c8021000 rw-p 00000000 00:00 0
7f07c8021000-7f07cc000000 ---p 00000000 00:00 0
7f07cc000000-7f07cc021000 rw-p 00000000 00:00 0
7f07cc021000-7f07d0000000 ---p 00000000 00:00 0
7f07d0000000-7f07d0021000 rw-p 00000000 00:00 0
7f07d0021000-7f07d4000000 ---p 00000000 00:00 0
7f07d4000000-7f07d4021000 rw-p 00000000 00:00 0
7f07d4021000-7f07d8000000 ---p 00000000 00:00 0
7f07d8000000-7f07d82d6000 rw-p 00000000 00:00 0
7f07d82d6000-7f07dc000000 ---p 00000000 00:00 0
7f07dc000000-7f07dca5e000 rw-p 00000000 00:00 0
7f07dca5e000-7f07e0000000 ---p 00000000 00:00 0
7f07e0000000-7f07e0021000 rw-p 00000000 00:00 0
7f07e0021000-7f07e4000000 ---p 00000000 00:00 0
7f07e4000000-7f07e4021000 rw-p 00000000 00:00 0
7f07e4021000-7f07e8000000 ---p 00000000 00:00 0
7f07e8000000-7f07ea1bb000 rw-p 00000000 00:00 0
7f07ea1bb000-7f07ec000000 ---p 00000000 00:00 0
7f07ec000000-7f07ec021000 rw-p 00000000 00:00 0
7f07ec021000-7f07f0000000 ---p 00000000 00:00 0
7f07f0000000-7f07f0021000 rw-p 00000000 00:00 0
7f07f0021000-7f07f4000000 ---p 00000000 00:00 0
7f07f4000000-7f07f412f000 rw-p 00000000 00:00 0
7f07f412f000-7f07f8000000 ---p 00000000 00:00 0
7f07f8090000-7f07f8290000 rw-p 00000000 00:00 0
7f07f8290000-7f07f8294000 ---p 00000000 00:00 0
7f07f8294000-7f07f8391000 rw-p 00000000 00:00 0
7f07f83a0000-7f07f85a0000 rw-p 00000000 00:00 0
7f07f85a0000-7f07f85a4000 ---p 00000000 00:00 0
7f07f85a4000-7f07f86a1000 rw-p 00000000 00:00 0
7f07f86b0000-7f07f86b1000 ---p 00000000 00:00 0
7f07f86b1000-7f07f87b2000 rw-p 00000000 00:00 0
7f07f87c0000-7f07f87c1000 ---p 00000000 00:00 0
7f07f87c1000-7f07f88c2000 rw-p 00000000 00:00 0
7f07f88d0000-7f07f88d1000 ---p 00000000 00:00 0
7f07f88d1000-7f07f89d2000 rw-p 00000000 00:00 0
7f07f89e0000-7f07f89f0000 r-xp 00000000 00:00 339231             /home/banjo/.vscode-server/data/User/globalStorage/redhat.java/0.81.0/config_linux/org.eclipse.equinox.launcher/org.eclipse.equinox.launcher.gtk.linux.x86_64_1.2.300.v20210622-1446/eclipse_11501.so
7f07f89f0000-7f07f8a0f000 ---p 00010000 00:00 339231             /home/banjo/.vscode-server/data/User/globalStorage/redhat.java/0.81.0/config_linux/org.eclipse.equinox.launcher/org.eclipse.equinox.launcher.gtk.linux.x86_64_1.2.300.v20210622-1446/eclipse_11501.so
7f07f8a0f000-7f07f8bef000 ---p 0002f000 00:00 339231             /home/banjo/.vscode-server/data/User/globalStorage/redhat.java/0.81.0/config_linux/org.eclipse.equinox.launcher/org.eclipse.equinox.launcher.gtk.linux.x86_64_1.2.300.v20210622-1446/eclipse_11501.so
7f07f8bef000-7f07f8bf0000 r--p 0000f000 00:00 339231             /home/banjo/.vscode-server/data/User/globalStorage/redhat.java/0.81.0/config_linux/org.eclipse.equinox.launcher/org.eclipse.equinox.launcher.gtk.linux.x86_64_1.2.300.v20210622-1446/eclipse_11501.so
7f07f8bf0000-7f07f8bf1000 rw-p 00010000 00:00 339231             /home/banjo/.vscode-server/data/User/globalStorage/redhat.java/0.81.0/config_linux/org.eclipse.equinox.launcher/org.eclipse.equinox.launcher.gtk.linux.x86_64_1.2.300.v20210622-1446/eclipse_11501.so
7f07f8c00000-7f07f8c04000 ---p 00000000 00:00 0
7f07f8c04000-7f07f8d01000 rw-p 00000000 00:00 0
7f07f8d10000-7f07f8d14000 ---p 00000000 00:00 0
7f07f8d14000-7f07f8e11000 rw-p 00000000 00:00 0
7f07f8e20000-7f07f8e24000 ---p 00000000 00:00 0
7f07f8e24000-7f07f8f21000 rw-p 00000000 00:00 0
7f07f8f30000-7f07f8f46000 r-xp 00000000 00:00 1678822            /usr/lib/jvm/java-11-openjdk-amd64/lib/libnet.so
7f07f8f46000-7f07f8f47000 ---p 00016000 00:00 1678822            /usr/lib/jvm/java-11-openjdk-amd64/lib/libnet.so
7f07f8f47000-7f07f9145000 ---p 00017000 00:00 1678822            /usr/lib/jvm/java-11-openjdk-amd64/lib/libnet.so
7f07f9145000-7f07f9146000 r--p 00015000 00:00 1678822            /usr/lib/jvm/java-11-openjdk-amd64/lib/libnet.so
7f07f9146000-7f07f9147000 rw-p 00016000 00:00 1678822            /usr/lib/jvm/java-11-openjdk-amd64/lib/libnet.so
7f07f9150000-7f07f9160000 r-xp 00000000 00:00 1678823            /usr/lib/jvm/java-11-openjdk-amd64/lib/libnio.so
7f07f9160000-7f07f9161000 ---p 00010000 00:00 1678823            /usr/lib/jvm/java-11-openjdk-amd64/lib/libnio.so
7f07f9161000-7f07f935f000 ---p 00011000 00:00 1678823            /usr/lib/jvm/java-11-openjdk-amd64/lib/libnio.so
7f07f935f000-7f07f9360000 r--p 0000f000 00:00 1678823            /usr/lib/jvm/java-11-openjdk-amd64/lib/libnio.so
7f07f9360000-7f07f9361000 rw-p 00010000 00:00 1678823            /usr/lib/jvm/java-11-openjdk-amd64/lib/libnio.so
7f07f9370000-7f07f9371000 ---p 00000000 00:00 0
7f07f9371000-7f07f9472000 rw-p 00000000 00:00 0
7f07f9480000-7f07f9484000 ---p 00000000 00:00 0
7f07f9484000-7f07f9581000 rw-p 00000000 00:00 0
7f07f9590000-7f07f9594000 ---p 00000000 00:00 0
7f07f9594000-7f07f9691000 rw-p 00000000 00:00 0
7f07f96a0000-7f07f96a4000 ---p 00000000 00:00 0
7f07f96a4000-7f07f97a1000 rw-p 00000000 00:00 0
7f07f97b0000-7f07f97b4000 ---p 00000000 00:00 0
7f07f97b4000-7f07f98b1000 rw-p 00000000 00:00 0
7f07f98c0000-7f07f98c4000 ---p 00000000 00:00 0
7f07f98c4000-7f07f99c1000 rw-p 00000000 00:00 0
7f07f99d0000-7f07f99d4000 ---p 00000000 00:00 0
7f07f99d4000-7f07f9ad1000 rw-p 00000000 00:00 0
7f07f9ae0000-7f07f9ae4000 ---p 00000000 00:00 0
7f07f9ae4000-7f07f9be1000 rw-p 00000000 00:00 0
7f07f9be2000-7f07f9d55000 r--p 00000000 00:00 104522             /usr/lib/locale/C.UTF-8/LC_COLLATE
7f07f9d55000-7f07f9ef0000 r--p 00000000 00:00 104791             /usr/lib/locale/locale-archive
7f07f9ef0000-7f07f9ef4000 ---p 00000000 00:00 0
7f07f9ef4000-7f07f9ff1000 rw-p 00000000 00:00 0
7f07fa000000-7f07fc021000 rw-p 00000000 00:00 0
7f07fc021000-7f0800000000 ---p 00000000 00:00 0
7f0800020000-7f0800024000 ---p 00000000 00:00 0
7f0800024000-7f0800042000 rw-p 00000000 00:00 0
7f080004f000-7f0800080000 r--p 00000000 00:00 104685             /usr/lib/locale/C.UTF-8/LC_CTYPE
7f0800080000-7f0800084000 ---p 00000000 00:00 0
7f0800084000-7f0800181000 rw-p 00000000 00:00 0
7f0800190000-7f0800191000 ---p 00000000 00:00 0
7f0800191000-7f0800292000 rw-p 00000000 00:00 0
7f08002a0000-7f08003a1000 rw-p 00000000 00:00 0
7f08003b0000-7f08004b1000 rw-p 00000000 00:00 0
7f08004c0000-7f08005c1000 rw-p 00000000 00:00 0
7f08005d0000-7f08006d1000 rw-p 00000000 00:00 0
7f08006e0000-7f08007e1000 rw-p 00000000 00:00 0
7f08007f0000-7f08008f1000 rw-p 00000000 00:00 0
7f0800900000-7f0800b70000 rwxp 00000000 00:00 0
7f0800b70000-7f0800e90000 ---p 00000000 00:00 0
7f0800e90000-7f0801650000 rwxp 00000000 00:00 0
7f0801650000-7f08083c8000 ---p 00000000 00:00 0
7f08083c8000-7f0808658000 rwxp 00000000 00:00 0
7f0808658000-7f080f900000 ---p 00000000 00:00 0
7f080f90d000-7f0818000000 r--s 00000000 00:00 1678873            /usr/lib/jvm/java-11-openjdk-amd64/lib/modules
7f0818000000-7f0818510000 rw-p 00000000 00:00 0
7f0818510000-7f081c000000 ---p 00000000 00:00 0
7f081c020000-7f081c121000 rw-p 00000000 00:00 0
7f081c130000-7f081c231000 rw-p 00000000 00:00 0
7f081c240000-7f081c341000 rw-p 00000000 00:00 0
7f081c350000-7f081c451000 rw-p 00000000 00:00 0
7f081c460000-7f081c561000 rw-p 00000000 00:00 0
7f081c570000-7f081c671000 rw-p 00000000 00:00 0
7f081c680000-7f081c781000 rw-p 00000000 00:00 0
7f081c790000-7f081c891000 rw-p 00000000 00:00 0
7f081c8a0000-7f081c9a1000 rw-p 00000000 00:00 0
7f081c9b0000-7f081ca31000 rw-p 00000000 00:00 0
7f081ca40000-7f081ca9b000 rw-p 00000000 00:00 0
7f081caa0000-7f081d4b4000 rw-p 00000000 00:00 0
7f081d4c0000-7f081d4c1000 ---p 00000000 00:00 0
7f081d4c1000-7f081d5c2000 rw-p 00000000 00:00 0
7f081d5d0000-7f081d5f2000 rw-p 00000000 00:00 0
7f081d5f2000-7f081d726000 ---p 00000000 00:00 0
7f081d730000-7f081d752000 rw-p 00000000 00:00 0
7f081d752000-7f081d885000 ---p 00000000 00:00 0
7f081d885000-7f081d8b9000 rw-p 00000000 00:00 0
7f081d8b9000-7f081d930000 ---p 00000000 00:00 0
7f081d930000-7f081d931000 rw-p 00000000 00:00 0
7f081d940000-7f081d945000 r-xp 00000000 00:00 1678586            /usr/lib/jvm/java-11-openjdk-amd64/lib/libjimage.so
7f081d945000-7f081d946000 ---p 00005000 00:00 1678586            /usr/lib/jvm/java-11-openjdk-amd64/lib/libjimage.so
7f081d946000-7f081db44000 ---p 00006000 00:00 1678586            /usr/lib/jvm/java-11-openjdk-amd64/lib/libjimage.so
7f081db44000-7f081db45000 r--p 00004000 00:00 1678586            /usr/lib/jvm/java-11-openjdk-amd64/lib/libjimage.so
7f081db45000-7f081db46000 rw-p 00005000 00:00 1678586            /usr/lib/jvm/java-11-openjdk-amd64/lib/libjimage.so
7f081db50000-7f081db57000 r-xp 00000000 00:00 1678871            /usr/lib/jvm/java-11-openjdk-amd64/lib/libzip.so
7f081db57000-7f081db58000 ---p 00007000 00:00 1678871            /usr/lib/jvm/java-11-openjdk-amd64/lib/libzip.so
7f081db58000-7f081dd56000 ---p 00008000 00:00 1678871            /usr/lib/jvm/java-11-openjdk-amd64/lib/libzip.so
7f081dd56000-7f081dd57000 r--p 00006000 00:00 1678871            /usr/lib/jvm/java-11-openjdk-amd64/lib/libzip.so
7f081dd57000-7f081dd58000 rw-p 00007000 00:00 1678871            /usr/lib/jvm/java-11-openjdk-amd64/lib/libzip.so
7f081dd60000-7f081dd6b000 r-xp 00000000 00:00 91962              /lib/x86_64-linux-gnu/libnss_files-2.27.so
7f081dd6b000-7f081dd6c000 ---p 0000b000 00:00 91962              /lib/x86_64-linux-gnu/libnss_files-2.27.so
7f081dd6c000-7f081df6a000 ---p 0000c000 00:00 91962              /lib/x86_64-linux-gnu/libnss_files-2.27.so
7f081df6a000-7f081df6b000 r--p 0000a000 00:00 91962              /lib/x86_64-linux-gnu/libnss_files-2.27.so
7f081df6b000-7f081df6c000 rw-p 0000b000 00:00 91962              /lib/x86_64-linux-gnu/libnss_files-2.27.so
7f081df6c000-7f081df72000 rw-p 00000000 00:00 0
7f081df80000-7f081df97000 r-xp 00000000 00:00 91954              /lib/x86_64-linux-gnu/libnsl-2.27.so
7f081df97000-7f081df98000 ---p 00017000 00:00 91954              /lib/x86_64-linux-gnu/libnsl-2.27.so
7f081df98000-7f081e196000 ---p 00018000 00:00 91954              /lib/x86_64-linux-gnu/libnsl-2.27.so
7f081e196000-7f081e197000 r--p 00016000 00:00 91954              /lib/x86_64-linux-gnu/libnsl-2.27.so
7f081e197000-7f081e198000 rw-p 00017000 00:00 91954              /lib/x86_64-linux-gnu/libnsl-2.27.so
7f081e198000-7f081e19a000 rw-p 00000000 00:00 0
7f081e1a0000-7f081e1ab000 r-xp 00000000 00:00 91967              /lib/x86_64-linux-gnu/libnss_nis-2.27.so
7f081e1ab000-7f081e1ac000 ---p 0000b000 00:00 91967              /lib/x86_64-linux-gnu/libnss_nis-2.27.so
7f081e1ac000-7f081e3aa000 ---p 0000c000 00:00 91967              /lib/x86_64-linux-gnu/libnss_nis-2.27.so
7f081e3aa000-7f081e3ab000 r--p 0000a000 00:00 91967              /lib/x86_64-linux-gnu/libnss_nis-2.27.so
7f081e3ab000-7f081e3ac000 rw-p 0000b000 00:00 91967              /lib/x86_64-linux-gnu/libnss_nis-2.27.so
7f081e3b0000-7f081e3b8000 r-xp 00000000 00:00 91957              /lib/x86_64-linux-gnu/libnss_compat-2.27.so
7f081e3b8000-7f081e3ba000 ---p 00008000 00:00 91957              /lib/x86_64-linux-gnu/libnss_compat-2.27.so
7f081e3ba000-7f081e5b8000 ---p 0000a000 00:00 91957              /lib/x86_64-linux-gnu/libnss_compat-2.27.so
7f081e5b8000-7f081e5b9000 r--p 00008000 00:00 91957              /lib/x86_64-linux-gnu/libnss_compat-2.27.so
7f081e5b9000-7f081e5ba000 rw-p 00009000 00:00 91957              /lib/x86_64-linux-gnu/libnss_compat-2.27.so
7f081e5c0000-7f081e5e9000 r-xp 00000000 00:00 1678252            /usr/lib/jvm/java-11-openjdk-amd64/lib/libjava.so
7f081e5e9000-7f081e5eb000 ---p 00029000 00:00 1678252            /usr/lib/jvm/java-11-openjdk-amd64/lib/libjava.so
7f081e5eb000-7f081e7e8000 ---p 0002b000 00:00 1678252            /usr/lib/jvm/java-11-openjdk-amd64/lib/libjava.so
7f081e7e8000-7f081e7e9000 r--p 00028000 00:00 1678252            /usr/lib/jvm/java-11-openjdk-amd64/lib/libjava.so
7f081e7e9000-7f081e7eb000 rw-p 00029000 00:00 1678252            /usr/lib/jvm/java-11-openjdk-amd64/lib/libjava.so
7f081e7f0000-7f081e7fd000 r-xp 00000000 00:00 1678870            /usr/lib/jvm/java-11-openjdk-amd64/lib/libverify.so
7f081e7fd000-7f081e7ff000 ---p 0000d000 00:00 1678870            /usr/lib/jvm/java-11-openjdk-amd64/lib/libverify.so
7f081e7ff000-7f081e9fc000 ---p 0000f000 00:00 1678870            /usr/lib/jvm/java-11-openjdk-amd64/lib/libverify.so
7f081e9fc000-7f081e9fe000 r--p 0000c000 00:00 1678870            /usr/lib/jvm/java-11-openjdk-amd64/lib/libverify.so
7f081e9fe000-7f081e9ff000 rw-p 0000e000 00:00 1678870            /usr/lib/jvm/java-11-openjdk-amd64/lib/libverify.so
7f081ea00000-7f081ea07000 r-xp 00000000 00:00 92262              /lib/x86_64-linux-gnu/librt-2.27.so
7f081ea07000-7f081ea08000 ---p 00007000 00:00 92262              /lib/x86_64-linux-gnu/librt-2.27.so
7f081ea08000-7f081ec06000 ---p 00008000 00:00 92262              /lib/x86_64-linux-gnu/librt-2.27.so
7f081ec06000-7f081ec07000 r--p 00006000 00:00 92262              /lib/x86_64-linux-gnu/librt-2.27.so
7f081ec07000-7f081ec08000 rw-p 00007000 00:00 92262              /lib/x86_64-linux-gnu/librt-2.27.so
7f081ec10000-7f081ec27000 r-xp 00000000 00:00 124420             /lib/x86_64-linux-gnu/libgcc_s.so.1
7f081ec27000-7f081ec28000 ---p 00017000 00:00 124420             /lib/x86_64-linux-gnu/libgcc_s.so.1
7f081ec28000-7f081ee26000 ---p 00018000 00:00 124420             /lib/x86_64-linux-gnu/libgcc_s.so.1
7f081ee26000-7f081ee27000 r--p 00016000 00:00 124420             /lib/x86_64-linux-gnu/libgcc_s.so.1
7f081ee27000-7f081ee28000 rw-p 00017000 00:00 124420             /lib/x86_64-linux-gnu/libgcc_s.so.1
7f081ee30000-7f081efcd000 r-xp 00000000 00:00 91930              /lib/x86_64-linux-gnu/libm-2.27.so
7f081efcd000-7f081efd0000 ---p 0019d000 00:00 91930              /lib/x86_64-linux-gnu/libm-2.27.so
7f081efd0000-7f081f1cc000 ---p 001a0000 00:00 91930              /lib/x86_64-linux-gnu/libm-2.27.so
7f081f1cc000-7f081f1cd000 r--p 0019c000 00:00 91930              /lib/x86_64-linux-gnu/libm-2.27.so
7f081f1cd000-7f081f1ce000 rw-p 0019d000 00:00 91930              /lib/x86_64-linux-gnu/libm-2.27.so
7f081f1d0000-7f081f349000 r-xp 00000000 00:00 59139              /usr/lib/x86_64-linux-gnu/libstdc++.so.6.0.25
7f081f349000-7f081f356000 ---p 00179000 00:00 59139              /usr/lib/x86_64-linux-gnu/libstdc++.so.6.0.25
7f081f356000-7f081f549000 ---p 00186000 00:00 59139              /usr/lib/x86_64-linux-gnu/libstdc++.so.6.0.25
7f081f549000-7f081f553000 r--p 00179000 00:00 59139              /usr/lib/x86_64-linux-gnu/libstdc++.so.6.0.25
7f081f553000-7f081f555000 rw-p 00183000 00:00 59139              /usr/lib/x86_64-linux-gnu/libstdc++.so.6.0.25
7f081f555000-7f081f559000 rw-p 00000000 00:00 0
7f081f560000-7f082063d000 r-xp 00000000 00:00 1678994            /usr/lib/jvm/java-11-openjdk-amd64/lib/server/libjvm.so
7f082063d000-7f0820733000 ---p 010dd000 00:00 1678994            /usr/lib/jvm/java-11-openjdk-amd64/lib/server/libjvm.so
7f0820733000-7f082083c000 ---p 011d3000 00:00 1678994            /usr/lib/jvm/java-11-openjdk-amd64/lib/server/libjvm.so
7f082083c000-7f08208f9000 r--p 010dc000 00:00 1678994            /usr/lib/jvm/java-11-openjdk-amd64/lib/server/libjvm.so
7f08208f9000-7f0820933000 rw-p 01199000 00:00 1678994            /usr/lib/jvm/java-11-openjdk-amd64/lib/server/libjvm.so
7f0820933000-7f0820989000 rw-p 00000000 00:00 0
7f0820990000-7f08209aa000 r-xp 00000000 00:00 92246              /lib/x86_64-linux-gnu/libpthread-2.27.so
7f08209aa000-7f08209b4000 ---p 0001a000 00:00 92246              /lib/x86_64-linux-gnu/libpthread-2.27.so
7f08209b4000-7f0820ba9000 ---p 00024000 00:00 92246              /lib/x86_64-linux-gnu/libpthread-2.27.so
7f0820ba9000-7f0820baa000 r--p 00019000 00:00 92246              /lib/x86_64-linux-gnu/libpthread-2.27.so
7f0820baa000-7f0820bab000 rw-p 0001a000 00:00 92246              /lib/x86_64-linux-gnu/libpthread-2.27.so
7f0820bab000-7f0820baf000 rw-p 00000000 00:00 0
7f0820bb0000-7f0820bb3000 r-xp 00000000 00:00 91501              /lib/x86_64-linux-gnu/libdl-2.27.so
7f0820bb3000-7f0820bb4000 ---p 00003000 00:00 91501              /lib/x86_64-linux-gnu/libdl-2.27.so
7f0820bb4000-7f0820db2000 ---p 00004000 00:00 91501              /lib/x86_64-linux-gnu/libdl-2.27.so
7f0820db2000-7f0820db3000 r--p 00002000 00:00 91501              /lib/x86_64-linux-gnu/libdl-2.27.so
7f0820db3000-7f0820db4000 rw-p 00003000 00:00 91501              /lib/x86_64-linux-gnu/libdl-2.27.so
7f0820dc0000-7f0820ddc000 r-xp 00000000 00:00 92307              /lib/x86_64-linux-gnu/libz.so.1.2.11
7f0820ddc000-7f0820ddd000 ---p 0001c000 00:00 92307              /lib/x86_64-linux-gnu/libz.so.1.2.11
7f0820ddd000-7f0820fdb000 ---p 0001d000 00:00 92307              /lib/x86_64-linux-gnu/libz.so.1.2.11
7f0820fdb000-7f0820fdc000 r--p 0001b000 00:00 92307              /lib/x86_64-linux-gnu/libz.so.1.2.11
7f0820fdc000-7f0820fdd000 rw-p 0001c000 00:00 92307              /lib/x86_64-linux-gnu/libz.so.1.2.11
7f0820fe0000-7f08211c7000 r-xp 00000000 00:00 91268              /lib/x86_64-linux-gnu/libc-2.27.so
7f08211c7000-7f08211d0000 ---p 001e7000 00:00 91268              /lib/x86_64-linux-gnu/libc-2.27.so
7f08211d0000-7f08213c7000 ---p 001f0000 00:00 91268              /lib/x86_64-linux-gnu/libc-2.27.so
7f08213c7000-7f08213cb000 r--p 001e7000 00:00 91268              /lib/x86_64-linux-gnu/libc-2.27.so
7f08213cb000-7f08213cd000 rw-p 001eb000 00:00 91268              /lib/x86_64-linux-gnu/libc-2.27.so
7f08213cd000-7f08213d1000 rw-p 00000000 00:00 0
7f08213e0000-7f08213f0000 r-xp 00000000 00:00 1678222            /usr/lib/jvm/java-11-openjdk-amd64/lib/jli/libjli.so
7f08213f0000-7f08213f1000 ---p 00010000 00:00 1678222            /usr/lib/jvm/java-11-openjdk-amd64/lib/jli/libjli.so
7f08213f1000-7f08215ef000 ---p 00011000 00:00 1678222            /usr/lib/jvm/java-11-openjdk-amd64/lib/jli/libjli.so
7f08215ef000-7f08215f0000 r--p 0000f000 00:00 1678222            /usr/lib/jvm/java-11-openjdk-amd64/lib/jli/libjli.so
7f08215f0000-7f08215f1000 rw-p 00010000 00:00 1678222            /usr/lib/jvm/java-11-openjdk-amd64/lib/jli/libjli.so
7f0821600000-7f0821626000 r-xp 00000000 00:00 90871              /lib/x86_64-linux-gnu/ld-2.27.so
7f0821626000-7f0821627000 r-xp 00026000 00:00 90871              /lib/x86_64-linux-gnu/ld-2.27.so
7f0821630000-7f0821636000 rw-p 00000000 00:00 0
7f0821636000-7f082171b000 ---p 00000000 00:00 0
7f0821720000-7f0821730000 rw-p 00000000 00:00 0
7f0821730000-7f082180b000 ---p 00000000 00:00 0
7f0821810000-7f0821815000 rw-p 00000000 00:00 0
7f0821815000-7f082181c000 ---p 00000000 00:00 0
7f0821820000-7f0821821000 ---p 00000000 00:00 0
7f0821821000-7f0821822000 r--p 00000000 00:00 0
7f0821827000-7f0821828000 r--p 00027000 00:00 90871              /lib/x86_64-linux-gnu/ld-2.27.so
7f0821828000-7f0821829000 rw-p 00028000 00:00 90871              /lib/x86_64-linux-gnu/ld-2.27.so
7f0821829000-7f082182a000 rw-p 00000000 00:00 0
7f0821830000-7f0821834000 ---p 00000000 00:00 0
7f0821834000-7f0821931000 rw-p 00000000 00:00 0
7f0821935000-7f0821936000 r--p 00000000 00:00 104746             /usr/lib/locale/C.UTF-8/LC_NUMERIC
7f0821936000-7f0821937000 r--p 00000000 00:00 104784             /usr/lib/locale/C.UTF-8/LC_TIME
7f0821937000-7f0821938000 r--p 00000000 00:00 104733             /usr/lib/locale/C.UTF-8/LC_MONETARY
7f0821938000-7f0821939000 r--p 00000000 00:00 104731             /usr/lib/locale/C.UTF-8/LC_MESSAGES/SYS_LC_MESSAGES
7f0821939000-7f0821940000 r--s 00000000 00:00 187715             /usr/lib/x86_64-linux-gnu/gconv/gconv-modules.cache
7f0821940000-7f0821942000 rw-p 00000000 00:00 0
7f0821942000-7f0821943000 r--p 00000000 00:00 104756             /usr/lib/locale/C.UTF-8/LC_PAPER
7f0821943000-7f0821944000 r--p 00000000 00:00 104741             /usr/lib/locale/C.UTF-8/LC_NAME
7f0821944000-7f0821945000 r--p 00000000 00:00 104504             /usr/lib/locale/C.UTF-8/LC_ADDRESS
7f0821945000-7f0821946000 r--p 00000000 00:00 104781             /usr/lib/locale/C.UTF-8/LC_TELEPHONE
7f0821946000-7f0821947000 r--p 00000000 00:00 104697             /usr/lib/locale/C.UTF-8/LC_MEASUREMENT
7f0821947000-7f0821948000 r--p 00000000 00:00 104694             /usr/lib/locale/C.UTF-8/LC_IDENTIFICATION
7f0821948000-7f0821950000 rw-s 00000000 00:00 182768             /tmp/hsperfdata_banjo/14024
7f0821950000-7f0821952000 rw-p 00000000 00:00 0
7f0821a00000-7f0821a01000 r-xp 00000000 00:00 1437733            /usr/lib/jvm/java-11-openjdk-amd64/bin/java
7f0821c01000-7f0821c02000 r--p 00001000 00:00 1437733            /usr/lib/jvm/java-11-openjdk-amd64/bin/java
7f0821c02000-7f0821c03000 rw-p 00002000 00:00 1437733            /usr/lib/jvm/java-11-openjdk-amd64/bin/java
7fffc0231000-7fffc02bd000 rw-p 00000000 00:00 0                  [heap]
7fffc71f9000-7fffc79f9000 rw-p 00000000 00:00 0                  [stack]
7fffc7f40000-7fffc7f41000 r-xp 00000000 00:00 0                  [vdso]


VM Arguments:
jvm_args: --add-modules=ALL-SYSTEM --add-opens=java.base/java.util=ALL-UNNAMED --add-opens=java.base/java.lang=ALL-UNNAMED -Declipse.application=org.eclipse.jdt.ls.core.id1 -Dosgi.bundles.defaultStartLevel=4 -Declipse.product=org.eclipse.jdt.ls.core.product -Dfile.encoding=utf8 -XX:+UseParallelGC -XX:GCTimeRatio=4 -XX:AdaptiveSizePolicyWeight=90 -Dsun.zip.disableMemoryMapping=true -Xmx1G -Xms100m -Xverify:none 
java_command: /home/banjo/.vscode-server/extensions/redhat.java-0.81.0/server/plugins/org.eclipse.equinox.launcher_1.6.200.v20210416-2027.jar -configuration /home/banjo/.vscode-server/data/User/globalStorage/redhat.java/0.81.0/config_linux -data /home/banjo/.vscode-server/data/User/workspaceStorage/dcbf16a4ecba7c658673ada78339cb97-1/redhat.java/jdt_ws
java_class_path (initial): /home/banjo/.vscode-server/extensions/redhat.java-0.81.0/server/plugins/org.eclipse.equinox.launcher_1.6.200.v20210416-2027.jar
Launcher Type: SUN_STANDARD

[Global flags]
    uintx AdaptiveSizePolicyWeight                 = 90                                        {product} {command line}
     bool BytecodeVerificationLocal                = false                                     {product} {command line}
     bool BytecodeVerificationRemote               = false                                     {product} {command line}
     intx CICompilerCount                          = 3                                         {product} {ergonomic}
    uintx GCTimeRatio                              = 4                                         {product} {command line}
   size_t InitialHeapSize                          = 104857600                                 {product} {command line}
   size_t MaxHeapSize                              = 1073741824                                {product} {command line}
   size_t MaxNewSize                               = 357564416                                 {product} {ergonomic}
   size_t MinHeapDeltaBytes                        = 524288                                    {product} {ergonomic}
   size_t NewSize                                  = 34603008                                  {product} {ergonomic}
    uintx NonNMethodCodeHeapSize                   = 5830732                                {pd product} {ergonomic}
    uintx NonProfiledCodeHeapSize                  = 122913754                              {pd product} {ergonomic}
   size_t OldSize                                  = 70254592                                  {product} {ergonomic}
    uintx ProfiledCodeHeapSize                     = 122913754                              {pd product} {ergonomic}
    uintx ReservedCodeCacheSize                    = 251658240                              {pd product} {ergonomic}
     bool SegmentedCodeCache                       = true                                      {product} {ergonomic}
     bool UseCompressedClassPointers               = true                                 {lp64_product} {ergonomic}
     bool UseCompressedOops                        = true                                 {lp64_product} {ergonomic}
     bool UseParallelGC                            = true                                      {product} {command line}

Logging:
Log output configuration:
 #0: stdout all=warning uptime,level,tags
 #1: stderr all=off uptime,level,tags

Environment Variables:
PATH=/home/banjo/.vscode-server/bin/3866c3553be8b268c8a7f8c0482c0c0177aa8bfa/bin:/usr/local/sbin:/usr/local/bin:/usr/sbin:/usr/bin:/sbin:/bin:/usr/games:/usr/local/games:/mnt/c/Program Files/WindowsApps/CanonicalGroupLimited.UbuntuonWindows_2004.2021.825.0_x64__79rhkp1fndgsc:/mnt/c/Program Files/Common Files/Oracle/Java/javapath:/mnt/c/Program Files (x86)/Common Files/Oracle/Java/javapath:/mnt/c/WINDOWS/system32:/mnt/c/WINDOWS:/mnt/c/WINDOWS/System32/Wbem:/mnt/c/WINDOWS/System32/WindowsPowerShell/v1.0/:/mnt/c/Program Files (x86)/Calibre2/:/mnt/c/Program Files/Microsoft SQL Server/Client SDK/ODBC/130/Tools/Binn/:/mnt/c/Program Files (x86)/Microsoft SQL Server/130/Tools/Binn/:/mnt/c/Program Files/Microsoft SQL Server/130/Tools/Binn/:/mnt/c/Program Files/Microsoft SQL Server/130/DTS/Binn/:/mnt/c/Program Files (x86)/Microsoft SQL Server/Client SDK/ODBC/130/Tools/Binn/:/mnt/c/Program Files (x86)/Microsoft SQL Server/120/Tools/Binn/ManagementStudio/:/mnt/c/Program Files (x86)/Microsoft SQL Server/120/Tools/Binn/:/mnt/c/Program Files (x86)/Microsoft Visual Studio 12.0/Common7/IDE/PrivateAssemblies/:/mnt/c/Program Files (x86)/Microsoft SQL Server/120/DTS/Binn/:/mnt/c/WINDOWS/System32/OpenSSH/:/mnt/c/Program Files (x86)/Microsoft SQL Server/Client SDK/ODBC/110/Tools/Binn/:/mnt/c/Program Files/nodejs/:/mnt/c/Users/Banjo/AppData/Local/Programs/Python/Python37/Scripts/:/mnt/c/Users/Banjo/AppData/Local/Programs/Python/Python37/:/mnt/c/Ruby25-x64/bin:/mnt/c/Users/Banjo/Anaconda3:/mnt/c/Users/Banjo/Anaconda3/Scripts:/mnt/c/Users/Banjo/Anaconda3/Library/bin:/mnt/c/Users/Banjo/AppData/Local/Programs/Python/Python36-32/Scripts/:/mnt/c/Users/Banjo/AppData/Local/Programs/Python/Python36-32/:/mnt/c/Users/Banjo/AppData/Local/Microsoft/WindowsApps:/mnt/c/Program Files (x86)/gretl:/mnt/c/Users/Banjo/AppData/Local/Programs/Microsoft VS Code/bin:/mnt/c/Program Files (x86)/Java/jdk1.8.0_211/bin:/mnt/c/Program Files (x86)/Java/apache-maven-3.6.1/bin:/mnt/c/Users/Banjo/AppData/Roaming/npm:/mnt/c/U
SHELL=/usr/bin/zsh
HOSTTYPE=x86_64

Signal Handlers:
SIGSEGV: [libjvm.so+0xdf8d00], sa_mask[0]=11111111111111111111111111111110, sa_flags=SA_RESTART|SA_SIGINFO
SIGBUS: [libjvm.so+0xdf8d00], sa_mask[0]=11111111111111111111111111111110, sa_flags=SA_RESTART|SA_SIGINFO
SIGFPE: [libjvm.so+0xdf8d00], sa_mask[0]=11111111111111111111111111111110, sa_flags=SA_RESTART|SA_SIGINFO
SIGPIPE: [libjvm.so+0xbcbc30], sa_mask[0]=11111111111111111111111111111110, sa_flags=SA_RESTART|SA_SIGINFO
SIGXFSZ: [libjvm.so+0xbcbc30], sa_mask[0]=11111111111111111111111111111110, sa_flags=SA_RESTART|SA_SIGINFO
SIGILL: [libjvm.so+0xdf8d00], sa_mask[0]=11111111111111111111111111111110, sa_flags=SA_RESTART|SA_SIGINFO
SIGUSR2: [libjvm.so+0xbcbad0], sa_mask[0]=00000000000000000000000000000000, sa_flags=SA_RESTART|SA_SIGINFO
SIGHUP: [libjvm.so+0xbcbe30], sa_mask[0]=11111111111111111111111111111110, sa_flags=SA_RESTART|SA_SIGINFO
SIGINT: [libjvm.so+0xbcbe30], sa_mask[0]=11111111111111111111111111111110, sa_flags=SA_RESTART|SA_SIGINFO
SIGTERM: [libjvm.so+0xbcbe30], sa_mask[0]=11111111111111111111111111111110, sa_flags=SA_RESTART|SA_SIGINFO
SIGQUIT: [libjvm.so+0xbcbe30], sa_mask[0]=11111111111111111111111111111110, sa_flags=SA_RESTART|SA_SIGINFO


---------------  S Y S T E M  ---------------

OS:DISTRIB_ID=Ubuntu
DISTRIB_RELEASE=18.04
DISTRIB_CODENAME=bionic
DISTRIB_DESCRIPTION="Ubuntu 18.04.4 LTS"
uname:Linux 4.4.0-18362-Microsoft #1049-Microsoft Thu Aug 14 12:01:00 PST 2020 x86_64
OS uptime: 14 days 0:37 hours
libc:glibc 2.27 NPTL 2.27 
rlimit: STACK 8192k, CORE 0k, NPROC 7823, NOFILE 65536, AS infinity, CPU infinity, DATA infinity, FSIZE infinity
load average:0.52 0.58 0.59

/proc/meminfo:
MemTotal:        8270916 kB
MemFree:         1091436 kB
Buffers:           34032 kB
Cached:           188576 kB
SwapCached:            0 kB
Active:           167556 kB
Inactive:         157876 kB
Active(anon):     103104 kB
Inactive(anon):    17440 kB
Active(file):      64452 kB
Inactive(file):   140436 kB
Unevictable:           0 kB
Mlocked:               0 kB
SwapTotal:      25165824 kB
SwapFree:       22929176 kB
Dirty:                 0 kB
Writeback:             0 kB
AnonPages:        102824 kB
Mapped:            71404 kB
Shmem:             17720 kB
Slab:              13868 kB
SReclaimable:       6744 kB
SUnreclaim:         7124 kB
KernelStack:        2848 kB
PageTables:         2524 kB
NFS_Unstable:          0 kB
Bounce:                0 kB
WritebackTmp:          0 kB
CommitLimit:      515524 kB
Committed_AS:    3450064 kB
VmallocTotal:     122880 kB
VmallocUsed:       21296 kB
VmallocChunk:      66044 kB
HardwareCorrupted:     0 kB
AnonHugePages:      2048 kB
HugePages_Total:       0
HugePages_Free:        0
HugePages_Rsvd:        0
HugePages_Surp:        0
Hugepagesize:       2048 kB
DirectMap4k:       12280 kB
DirectMap4M:      897024 kB


/proc/sys/kernel/threads-max (system-wide limit on the number of threads):
32768


/proc/sys/vm/max_map_count (maximum number of memory map areas a process may have):


/proc/sys/kernel/pid_max (system-wide limit on number of process identifiers):
32768



Steal ticks since vm start: 0
Steal ticks percentage since vm start:  0.000

CPU:total 4 (initial active 4) (4 cores per cpu, 1 threads per core) family 6 model 94 stepping 3, cmov, cx8, fxsr, mmx, sse, sse2, sse3, ssse3, sse4.1, sse4.2, popcnt, avx, avx2, aes, clmul, erms, rtm, 3dnowpref, lzcnt, tsc, tscinvbit, bmi1, bmi2, adx, fma
CPU Model and flags from /proc/cpuinfo:
model name	: Intel(R) Core(TM) i5-6500 CPU @ 3.20GHz
flags		: fpu vme de pse tsc msr pae mce cx8 apic sep mtrr pge mca cmov pat pse36 clflush dts acpi mmx fxsr sse sse2 ss ht tm pbe syscall nx pdpe1gb rdtscp lm pni pclmulqdq dtes64 monitor ds_cpl vmx smx est tm2 ssse3 fma cx16 xtpr pdcm pcid sse4_1 sse4_2 x2apic movbe popcnt tsc_deadline_timer aes xsave osxsave avx f16c rdrand lahf_lm abm 3dnowprefetch fsgsbase tsc_adjust bmi1 hle avx2 smep bmi2 erms invpcid rtm mpx rdseed adx smap clflushopt intel_pt ibrs ibpb stibp ssbd

Memory: 4k page, physical 8270916k(1091460k free), swap 25165824k(22929176k free)

vm_info: OpenJDK 64-Bit Server VM (11.0.7+10-post-Ubuntu-2ubuntu218.04) for linux-amd64 JRE (11.0.7+10-post-Ubuntu-2ubuntu218.04), built on Apr 15 2020 21:12:54 by "unknown" with gcc 7.5.0

END.
